# JRE version: 7.0_25-b30
# Java VM: OpenJDK 64-Bit Server VM (23.7-b01 mixed mode linux-amd64 compressed oops)
Heap
 PSYoungGen      total 1189888K, used 321088K [0x0000000757560000, 0x00000007d7370000, 0x0000000800000000)
  eden space 321088K, 100% used [0x0000000757560000,0x000000076aef0000,0x000000076aef0000)
  from space 868800K, 0% used [0x00000007a2300000,0x00000007a2300000,0x00000007d7370000)
  to   space 887040K, 0% used [0x000000076aef0000,0x000000076aef0000,0x00000007a1130000)
 ParOldGen       total 5526912K, used 5526911K [0x0000000606000000, 0x0000000757560000, 0x0000000757560000)
  object space 5526912K, 99% used [0x0000000606000000,0x000000075755fe20,0x0000000757560000)
 PSPermGen       total 57728K, used 57087K [0x0000000586000000, 0x0000000589860000, 0x0000000606000000)
  object space 57728K, 98% used [0x0000000586000000,0x00000005897bff50,0x0000000589860000)
GC Heap History (10 events):
Event: 935.281 GC heap after
Heap after GC invocations=143 (full 31):
 PSYoungGen      total 1189888K, used 321049K [0x0000000757560000, 0x00000007d7370000, 0x0000000800000000)
  eden space 321088K, 99% used [0x0000000757560000,0x000000076aee66c0,0x000000076aef0000)
  from space 868800K, 0% used [0x00000007a2300000,0x00000007a2300000,0x00000007d7370000)
  to   space 887040K, 0% used [0x000000076aef0000,0x000000076aef0000,0x00000007a1130000)
 ParOldGen       total 5526912K, used 5526911K [0x0000000606000000, 0x0000000757560000, 0x0000000757560000)
  object space 5526912K, 99% used [0x0000000606000000,0x000000075755fe20,0x0000000757560000)
 PSPermGen       total 58112K, used 57087K [0x0000000586000000, 0x00000005898c0000, 0x0000000606000000)
  object space 58112K, 98% used [0x0000000586000000,0x00000005897bff50,0x00000005898c0000)
}
Event: 935.282 GC heap before
{Heap before GC invocations=144 (full 32):
 PSYoungGen      total 1189888K, used 321088K [0x0000000757560000, 0x00000007d7370000, 0x0000000800000000)
  eden space 321088K, 100% used [0x0000000757560000,0x000000076aef0000,0x000000076aef0000)
  from space 868800K, 0% used [0x00000007a2300000,0x00000007a2300000,0x00000007d7370000)
  to   space 887040K, 0% used [0x000000076aef0000,0x000000076aef0000,0x00000007a1130000)
 ParOldGen       total 5526912K, used 5526911K [0x0000000606000000, 0x0000000757560000, 0x0000000757560000)
  object space 5526912K, 99% used [0x0000000606000000,0x000000075755fe20,0x0000000757560000)
 PSPermGen       total 58112K, used 57087K [0x0000000586000000, 0x00000005898c0000, 0x0000000606000000)
  object space 58112K, 98% used [0x0000000586000000,0x00000005897bff50,0x00000005898c0000)
Event: 945.798 GC heap after
Heap after GC invocations=144 (full 32):
 PSYoungGen      total 1189888K, used 321065K [0x0000000757560000, 0x00000007d7370000, 0x0000000800000000)
  eden space 321088K, 99% used [0x0000000757560000,0x000000076aeea430,0x000000076aef0000)
  from space 868800K, 0% used [0x00000007a2300000,0x00000007a2300000,0x00000007d7370000)
  to   space 887040K, 0% used [0x000000076aef0000,0x000000076aef0000,0x00000007a1130000)
 ParOldGen       total 5526912K, used 5526911K [0x0000000606000000, 0x0000000757560000, 0x0000000757560000)
  object space 5526912K, 99% used [0x0000000606000000,0x000000075755fe20,0x0000000757560000)
 PSPermGen       total 57984K, used 57087K [0x0000000586000000, 0x00000005898a0000, 0x0000000606000000)
  object space 57984K, 98% used [0x0000000586000000,0x00000005897bff50,0x00000005898a0000)
}
Event: 945.799 GC heap before
{Heap before GC invocations=145 (full 33):
 PSYoungGen      total 1189888K, used 321088K [0x0000000757560000, 0x00000007d7370000, 0x0000000800000000)
  eden space 321088K, 100% used [0x0000000757560000,0x000000076aef0000,0x000000076aef0000)
  from space 868800K, 0% used [0x00000007a2300000,0x00000007a2300000,0x00000007d7370000)
  to   space 887040K, 0% used [0x000000076aef0000,0x000000076aef0000,0x00000007a1130000)
 ParOldGen       total 5526912K, used 5526911K [0x0000000606000000, 0x0000000757560000, 0x0000000757560000)
  object space 5526912K, 99% used [0x0000000606000000,0x000000075755fe20,0x0000000757560000)
 PSPermGen       total 57984K, used 57087K [0x0000000586000000, 0x00000005898a0000, 0x0000000606000000)
  object space 57984K, 98% used [0x0000000586000000,0x00000005897bff50,0x00000005898a0000)
Event: 955.741 GC heap after
Heap after GC invocations=145 (full 33):
 PSYoungGen      total 1189888K, used 321073K [0x0000000757560000, 0x00000007d7370000, 0x0000000800000000)
  eden space 321088K, 99% used [0x0000000757560000,0x000000076aeec758,0x000000076aef0000)
  from space 868800K, 0% used [0x00000007a2300000,0x00000007a2300000,0x00000007d7370000)
  to   space 887040K, 0% used [0x000000076aef0000,0x000000076aef0000,0x00000007a1130000)
 ParOldGen       total 5526912K, used 5526911K [0x0000000606000000, 0x0000000757560000, 0x0000000757560000)
  object space 5526912K, 99% used [0x0000000606000000,0x000000075755fe20,0x0000000757560000)
 PSPermGen       total 57856K, used 57087K [0x0000000586000000, 0x0000000589880000, 0x0000000606000000)
  object space 57856K, 98% used [0x0000000586000000,0x00000005897bff50,0x0000000589880000)
}
Event: 955.742 GC heap before
{Heap before GC invocations=146 (full 34):
 PSYoungGen      total 1189888K, used 321088K [0x0000000757560000, 0x00000007d7370000, 0x0000000800000000)
  eden space 321088K, 100% used [0x0000000757560000,0x000000076aef0000,0x000000076aef0000)
  from space 868800K, 0% used [0x00000007a2300000,0x00000007a2300000,0x00000007d7370000)
  to   space 887040K, 0% used [0x000000076aef0000,0x000000076aef0000,0x00000007a1130000)
 ParOldGen       total 5526912K, used 5526911K [0x0000000606000000, 0x0000000757560000, 0x0000000757560000)
  object space 5526912K, 99% used [0x0000000606000000,0x000000075755fe20,0x0000000757560000)
 PSPermGen       total 57856K, used 57087K [0x0000000586000000, 0x0000000589880000, 0x0000000606000000)
  object space 57856K, 98% used [0x0000000586000000,0x00000005897bff50,0x0000000589880000)
Event: 964.260 GC heap after
Heap after GC invocations=146 (full 34):
 PSYoungGen      total 1189888K, used 321079K [0x0000000757560000, 0x00000007d7370000, 0x0000000800000000)
  eden space 321088K, 99% used [0x0000000757560000,0x000000076aeede10,0x000000076aef0000)
  from space 868800K, 0% used [0x00000007a2300000,0x00000007a2300000,0x00000007d7370000)
  to   space 887040K, 0% used [0x000000076aef0000,0x000000076aef0000,0x00000007a1130000)
 ParOldGen       total 5526912K, used 5526911K [0x0000000606000000, 0x0000000757560000, 0x0000000757560000)
  object space 5526912K, 99% used [0x0000000606000000,0x000000075755fe20,0x0000000757560000)
 PSPermGen       total 57792K, used 57087K [0x0000000586000000, 0x0000000589870000, 0x0000000606000000)
  object space 57792K, 98% used [0x0000000586000000,0x00000005897bff50,0x0000000589870000)
}
Event: 964.261 GC heap before
{Heap before GC invocations=147 (full 35):
 PSYoungGen      total 1189888K, used 321088K [0x0000000757560000, 0x00000007d7370000, 0x0000000800000000)
  eden space 321088K, 100% used [0x0000000757560000,0x000000076aef0000,0x000000076aef0000)
  from space 868800K, 0% used [0x00000007a2300000,0x00000007a2300000,0x00000007d7370000)
  to   space 887040K, 0% used [0x000000076aef0000,0x000000076aef0000,0x00000007a1130000)
 ParOldGen       total 5526912K, used 5526911K [0x0000000606000000, 0x0000000757560000, 0x0000000757560000)
  object space 5526912K, 99% used [0x0000000606000000,0x000000075755fe20,0x0000000757560000)
 PSPermGen       total 57792K, used 57087K [0x0000000586000000, 0x0000000589870000, 0x0000000606000000)
  object space 57792K, 98% used [0x0000000586000000,0x00000005897bff50,0x0000000589870000)
Event: 975.266 GC heap after
Heap after GC invocations=147 (full 35):
 PSYoungGen      total 1189888K, used 321084K [0x0000000757560000, 0x00000007d7370000, 0x0000000800000000)
  eden space 321088K, 99% used [0x0000000757560000,0x000000076aeef340,0x000000076aef0000)
  from space 868800K, 0% used [0x00000007a2300000,0x00000007a2300000,0x00000007d7370000)
  to   space 887040K, 0% used [0x000000076aef0000,0x000000076aef0000,0x00000007a1130000)
 ParOldGen       total 5526912K, used 5526911K [0x0000000606000000, 0x0000000757560000, 0x0000000757560000)
  object space 5526912K, 99% used [0x0000000606000000,0x000000075755fe20,0x0000000757560000)
 PSPermGen       total 57728K, used 57087K [0x0000000586000000, 0x0000000589860000, 0x0000000606000000)
  object space 57728K, 98% used [0x0000000586000000,0x00000005897bff50,0x0000000589860000)
}
Event: 975.266 GC heap before
{Heap before GC invocations=148 (full 36):
 PSYoungGen      total 1189888K, used 321088K [0x0000000757560000, 0x00000007d7370000, 0x0000000800000000)
  eden space 321088K, 100% used [0x0000000757560000,0x000000076aef0000,0x000000076aef0000)
  from space 868800K, 0% used [0x00000007a2300000,0x00000007a2300000,0x00000007d7370000)
  to   space 887040K, 0% used [0x000000076aef0000,0x000000076aef0000,0x00000007a1130000)
 ParOldGen       total 5526912K, used 5526911K [0x0000000606000000, 0x0000000757560000, 0x0000000757560000)
  object space 5526912K, 99% used [0x0000000606000000,0x000000075755fe20,0x0000000757560000)
 PSPermGen       total 57728K, used 57087K [0x0000000586000000, 0x0000000589860000, 0x0000000606000000)
  object space 57728K, 98% used [0x0000000586000000,0x00000005897bff50,0x0000000589860000)

